1744926767773:help
1744926778275:get-cache
1744926784513:get-cache --cacheName
1744926792353:get-cache --cacheName blah
1744926969561:help
1744927150430:ls
1744927152486:help
1744927158333:cache-names
1744927182596:get-cache --cache-name poppy
1744927203269:help get-cache
1744927219927:get-cache --cacheName poppy
1744927227844:cache-names
1744927254684:help
1744927269199:refresh-cach --cacheName poppy
1744927278605:refill-cache --cacheName poppy
1744927286411:cache-names
1744927299334:help
1744927320480:get-cache --cacheName poppy
1744927338462:refresh-cache --cacheName poppy
1744927527651:help
1744927532796:l
1744927536170:help
1744927664166:ls
1744927922052:l
1744927923509:help
1744944174417:get-product --productId 1
1744944186054:get-product --productId 2
1744944191997:get-product --productId 23
